# this is sample, it mostly generated from jenkins or other CI system
# below are copied from dockerhub

Client version: 1.3.3
Client API version: 1.15
Go version (client): go1.3.3
Git commit (client): 3ea0e03
OS/Arch (client): linux/amd64
Server version: 1.3.3
Server API version: 1.15
Go version (server): go1.3.3
Git commit (server): 3ea0e03
Step 0 : FROM ubuntu:trusty
8eaa4ff06b53 Pulling image (trusty) from ubuntu, endpoint: https://registry-1.docker.io/v1/
511136ea3c5a Download complete
3b363fd9d7da Download complete
607c5d1cca71 Download complete
f62feddc05dc Download complete
8eaa4ff06b53 Download complete
8eaa4ff06b53 Download complete
Status: Downloaded newer image for ubuntu:trusty
---> 8eaa4ff06b53
Step 1 : ENV DEBIAN_FRONTEND noninteractive
---> 995b0b3fe1d5
Step 2 : MAINTAINER Larry Cai <larry.caiyu@gmail.com>
---> 3f6aa5c90a0d
Step 3 : ENV REFREST_AT 20150115
---> 99f940b53071
Step 4 : RUN apt-get update -q     && apt-get install -yf build-essential python-software-properties software-properties-common     && add-apt-repository ppa:nginx/stable     && apt-get update -q     && apt-get -y install -y curl
Ign http://archive.ubuntu.com trusty InRelease
Ign http://archive.ubuntu.com trusty-updates InRelease
....